测速日志 2026-05-02 15:42:06
[2026-05-02 15:42:08] RTMP检测异常: rtmp://rtmp.tv.stream3.hndt.com/tv/647f9277018410008cf925e200000000?wsSecret=9a23316ee66e918684e097f&wsSecret=cd9c622478fa0595d2640e501399ed06&wsTime=1777715882 | [Errno 2] No such file or directory: 'ffmpeg'
[2026-05-02 15:42:09] ✅ 测速成功: http://107.150.60.122/live/cctv7hd.m3u8
   速度: 189.45KB/s | 数据量: 0.2KB | 总耗时: 0.16s
[2026-05-02 15:42:09] ✅ 测速成功: http://107.150.60.122/live/cctv6hd.m3u8
   速度: 205.08KB/s | 数据量: 0.2KB | 总耗时: 0.16s
[2026-05-02 15:42:09] ✅ 测速成功: http://107.150.60.122/live/cctv10hd.m3u8
   速度: 204.10KB/s | 数据量: 0.2KB | 总耗时: 0.16s
[2026-05-02 15:42:09] ✅ 测速成功: http://107.150.60.122/live/cctv4hd.m3u8
   速度: 205.08KB/s | 数据量: 0.2KB | 总耗时: 0.17s
[2026-05-02 15:42:09] ✅ 测速成功: http://107.150.60.122/live/cctv9hd.m3u8
   速度: 190.43KB/s | 数据量: 0.2KB | 总耗时: 0.16s
[2026-05-02 15:42:09] ✅ 测速成功: http://23.237.228.134/live3/CCTV12.m3u8
   速度: 1319.34KB/s | 数据量: 1.3KB | 总耗时: 0.19s
[2026-05-02 15:42:09] ✅ 测速成功: http://63.141.230.178:82/gslb/zbdq5.m3u8?id=cctv10hd
   速度: 204.10KB/s | 数据量: 0.2KB | 总耗时: 0.25s
[2026-05-02 15:42:09] ✅ 测速成功: http://63.141.230.178:82/gslb/zbdq5.m3u8?id=cctv11hd
   速度: 204.10KB/s | 数据量: 0.2KB | 总耗时: 0.25s
[2026-05-02 15:42:09] ✅ 测速成功: http://107.150.60.122/live/cctv13hd.m3u8
   速度: 208.01KB/s | 数据量: 0.2KB | 总耗时: 0.16s
[2026-05-02 15:42:09] ✅ 测速成功: http://107.150.60.122/live/cctv14hd.m3u8
   速度: 192.38KB/s | 数据量: 0.2KB | 总耗时: 0.16s
[2026-05-02 15:42:09] ✅ 测速成功: http://107.150.60.122/live/cctv5p.m3u8
   速度: 193.36KB/s | 数据量: 0.2KB | 总耗时: 0.16s
[2026-05-02 15:42:09] ✅ 测速成功: http://63.141.230.178:82/gslb/zbdq5.m3u8?id=cctv12hd
   速度: 197.27KB/s | 数据量: 0.2KB | 总耗时: 0.24s
[2026-05-02 15:42:09] ✅ 测速成功: http://63.141.230.178:82/gslb/zbdq5.m3u8?id=cctv14hd
   速度: 192.38KB/s | 数据量: 0.2KB | 总耗时: 0.24s
[2026-05-02 15:42:09] ✅ 测速成功: http://192.151.150.154/live/cctv12hd.m3u8
   速度: 204.10KB/s | 数据量: 0.2KB | 总耗时: 0.24s
[2026-05-02 15:42:09] ✅ 测速成功: http://61.162.52.6:8088/newlive/live/hls/60/live.m3u8
   速度: 232.42KB/s | 数据量: 0.2KB | 总耗时: 0.51s
[2026-05-02 15:42:09] ✅ 测速成功: http://101.66.199.174:9901/tsfile/live/1000_1.m3u8?key=txiptv&playlive=0&authid=0
   速度: 1453.82KB/s | 数据量: 2.9KB | 总耗时: 0.53s
[2026-05-02 15:42:09] ✅ 测速成功: https://xykt-fix.github.io/Y77.m3u8
   速度: 1623.05KB/s | 数据量: 1.6KB | 总耗时: 0.06s
[2026-05-02 15:42:09] ✅ 测速成功: http://192.151.150.154/live/cctv14hd.m3u8
   速度: 208.01KB/s | 数据量: 0.2KB | 总耗时: 0.17s
[2026-05-02 15:42:09] ✅ 测速成功: http://23.237.228.134/live3/beijing.m3u8
   速度: 1319.34KB/s | 数据量: 1.3KB | 总耗时: 0.19s
[2026-05-02 15:42:09] ✅ 测速成功: http://198.204.228.26/live/chcjt.m3u8
   速度: 111.33KB/s | 数据量: 0.1KB | 总耗时: 0.24s
[2026-05-02 15:42:09] ✅ 测速成功: http://23.237.228.134/live3/dongfang.m3u8
   速度: 1319.34KB/s | 数据量: 1.3KB | 总耗时: 0.13s
[2026-05-02 15:42:09] ✅ 测速成功: http://183.223.157.123:85/tsfile/live/0012_1.m3u8?key=txiptv
   速度: 423.83KB/s | 数据量: 0.4KB | 总耗时: 0.62s
[2026-05-02 15:42:09] ✅ 测速成功: http://183.223.157.123:85/tsfile/live/0010_1.m3u8?key=txiptv
   速度: 423.83KB/s | 数据量: 0.4KB | 总耗时: 0.62s
[2026-05-02 15:42:09] ✅ 测速成功: http://gslbserv.itv.cmvideo.cn:80/1.m3u8?channel-id=FifastbLive&Contentid=3000000010000011518&livemode=1&stbId=yu&mode=1&
   速度: 7320.31KB/s | 数据量: 7.3KB | 总耗时: 0.67s
[2026-05-02 15:42:10] ✅ 测速成功: http://cd-live-stream.news.cctvplus.com/live/smil:CHANNEL1.smil/chunklist_w744036192_b1000000.m3u8
   速度: 273.44KB/s | 数据量: 0.3KB | 总耗时: 1.04s
[2026-05-02 15:42:10] ✅ 测速成功: http://221.7.175.154:8445/tsfile/live/1020_1.m3u8
   速度: 433.59KB/s | 数据量: 0.4KB | 总耗时: 0.53s
[2026-05-02 15:42:10] ✅ 测速成功: https://gd202.tv1288.xyz/tsfile/live/1047_1.m3u8
   速度: 647.46KB/s | 数据量: 0.6KB | 总耗时: 1.28s
[2026-05-02 15:42:10] ✅ 测速成功: http://221.7.175.154:8445/tsfile/live/1020_1.m3u8?key=txiptv&playlive=1&authid=0
   速度: 433.59KB/s | 数据量: 0.4KB | 总耗时: 0.52s
[2026-05-02 15:42:10] ✅ 测速成功: http://107.150.60.122/live/gdwshd.m3u8
   速度: 191.41KB/s | 数据量: 0.2KB | 总耗时: 0.16s
[2026-05-02 15:42:10] ✅ 测速成功: http://221.7.175.154:8445/tsfile/live/1021_1.m3u8?key=txiptv&playlive=1&authid=0
   速度: 433.59KB/s | 数据量: 0.4KB | 总耗时: 0.50s
[2026-05-02 15:42:10] ✅ 测速成功: http://play.kankanlive.com/live/1698234869325962.m3u8
   速度: 249.02KB/s | 数据量: 0.2KB | 总耗时: 1.91s
[2026-05-02 15:42:11] ✅ 测速成功: https://live.264788.xyz/channel/dongnanweishi?streamid=4d90aad6479c0a0b75ec6c1bae2fe784&livekey=01WgOR41rriMmMkzNsd0UoaxJRwetZdxIvtVk
   速度: 358.40KB/s | 数据量: 0.4KB | 总耗时: 2.07s
[2026-05-02 15:42:11] ✅ 测速成功: http://live.zohi.tv/video/s10001-fztv-3/index.m3u8
   速度: 498.05KB/s | 数据量: 0.5KB | 总耗时: 2.18s
[2026-05-02 15:42:12] ✅ 测速成功: https://live.264788.xyz/channel/dongfangweishi?streamid=a98a89080092a7cf477ee2ef68844319&livekey=01WgOR41rriMmMkzNsd0UoaxJRwetZdxIvtVk
   速度: 70.20KB/s | 数据量: 0.4KB | 总耗时: 2.29s
[2026-05-02 15:42:12] ✅ 测速成功: https://live.264788.xyz/channel/anhuiweishi?streamid=fb8fe141f6787a1c084cd093425acf4d&livekey=01WgOR41rriMmMkzNsd0UoaxJRwetZdxIvtVk
   速度: 51.02KB/s | 数据量: 0.4KB | 总耗时: 2.70s
[2026-05-02 15:42:12] ✅ 测速成功: https://live.264788.xyz/channel/guizhouweishi?streamid=282e7e0688a51a1145aa466b0103f483&livekey=01WgOR41rriMmMkzNsd0UoaxJRwetZdxIvtVk
   速度: 104.30KB/s | 数据量: 0.4KB | 总耗时: 1.23s
[2026-05-02 15:42:12] ✅ 测速成功: https://live.264788.xyz/channel/chongqingweishi?streamid=67cc81d963a7523e0fd449d3844b30bc&livekey=01WgOR41rriMmMkzNsd0UoaxJRwetZdxIvtVk
   速度: 176.09KB/s | 数据量: 0.4KB | 总耗时: 2.57s
[2026-05-02 15:42:12] ✅ 测速成功: http://107.150.60.122/live/hnwshd.m3u8
   速度: 184.57KB/s | 数据量: 0.2KB | 总耗时: 0.16s
[2026-05-02 15:42:12] ✅ 测速成功: https://live.264788.xyz/channel/gansuweishi?streamid=f60c1d3f290ed5ccba22a6ed075ce018&livekey=01WgOR41rriMmMkzNsd0UoaxJRwetZdxIvtVk
   速度: 62.31KB/s | 数据量: 0.4KB | 总耗时: 1.36s
[2026-05-02 15:42:12] ✅ 测速成功: https://gd202.tv1288.xyz/tsfile/live/1019_1.m3u8
   速度: 647.46KB/s | 数据量: 0.6KB | 总耗时: 1.27s
[2026-05-02 15:42:12] ✅ 测速成功: https://tv1288.xyz/hntv.php
   速度: 5088.87KB/s | 数据量: 5.1KB | 总耗时: 0.07s
[2026-05-02 15:42:12] ✅ 测速成功: http://63.141.230.178:82/gslb/zbdq5.m3u8?id=hnwshd
   速度: 184.57KB/s | 数据量: 0.2KB | 总耗时: 0.24s
[2026-05-02 15:42:12] ✅ 测速成功: http://63.141.230.178:82/gslb/zbdq5.m3u8?id=jlwshd
   速度: 192.38KB/s | 数据量: 0.2KB | 总耗时: 0.24s
[2026-05-02 15:42:12] ✅ 测速成功: http://23.237.228.134/live3/jiangsu.m3u8
   速度: 1319.34KB/s | 数据量: 1.3KB | 总耗时: 0.19s
[2026-05-02 15:42:12] ✅ 测速成功: https://live.264788.xyz/channel/beijingweishi?streamid=ef3b375a76fa91e8a49f9aecda01f617&livekey=01WgOR41rriMmMkzNsd0UoaxJRwetZdxIvtVk
   速度: 61.38KB/s | 数据量: 0.4KB | 总耗时: 3.18s
[2026-05-02 15:42:12] ✅ 测速成功: https://live.264788.xyz/channel/guangdongweishi?streamid=d66348b222c74382e7cec90352efc43b&livekey=01WgOR41rriMmMkzNsd0UoaxJRwetZdxIvtVk
   速度: 198.14KB/s | 数据量: 0.4KB | 总耗时: 2.07s
[2026-05-02 15:42:12] ✅ 测速成功: http://63.141.230.178:82/gslb/zbdq5.m3u8?id=nxss
   速度: 186.52KB/s | 数据量: 0.2KB | 总耗时: 0.24s
[2026-05-02 15:42:13] ✅ 测速成功: https://live.264788.xyz/channel/henanweishi?streamid=e6115275e3e4065441b2b9117937c8b2&livekey=01WgOR41rriMmMkzNsd0UoaxJRwetZdxIvtVk
   速度: 46.91KB/s | 数据量: 0.4KB | 总耗时: 0.95s
[2026-05-02 15:42:13] ✅ 测速成功: https://live.264788.xyz/channel/liaoningweishi?streamid=f8d749ac7ad7ea324f1048b26156df91&livekey=01WgOR41rriMmMkzNsd0UoaxJRwetZdxIvtVk
   速度: 59.39KB/s | 数据量: 0.4KB | 总耗时: 0.86s
[2026-05-02 15:42:13] ✅ 测速成功: https://live.264788.xyz/channel/hunanweishi?streamid=37cb5c9acb9e3f8181024abb01b76800&livekey=01WgOR41rriMmMkzNsd0UoaxJRwetZdxIvtVk
   速度: 190.39KB/s | 数据量: 0.4KB | 总耗时: 1.36s
[2026-05-02 15:42:13] ✅ 测速成功: https://live.264788.xyz/channel/hebeiweishi?streamid=1eb62af518d01fe1f33bd5f61613e9cd&livekey=01WgOR41rriMmMkzNsd0UoaxJRwetZdxIvtVk
   速度: 135.83KB/s | 数据量: 0.4KB | 总耗时: 1.48s
[2026-05-02 15:42:13] ✅ 测速成功: https://gd202.tv1288.xyz/tsfile/live/1027_1.m3u8
   速度: 647.46KB/s | 数据量: 0.6KB | 总耗时: 1.29s
[2026-05-02 15:42:13] ✅ 测速成功: https://gd202.tv1288.xyz/tsfile/live/1020_1.m3u8
   速度: 647.46KB/s | 数据量: 0.6KB | 总耗时: 1.25s
[2026-05-02 15:42:13] ✅ 测速成功: https://live.264788.xyz/channel/ningxiaweishi?streamid=e1236348f815c36a0429357e5b5c5f10&livekey=01WgOR41rriMmMkzNsd0UoaxJRwetZdxIvtVk
   速度: 71.58KB/s | 数据量: 0.4KB | 总耗时: 1.00s
[2026-05-02 15:42:13] ✅ 测速成功: https://live.264788.xyz/channel/hainanweishi?streamid=138a77a2a88f0a2df6d0af493cf4d5bc&livekey=01WgOR41rriMmMkzNsd0UoaxJRwetZdxIvtVk
   速度: 354.92KB/s | 数据量: 0.4KB | 总耗时: 1.54s
[2026-05-02 15:42:13] ✅ 测速成功: http://198.204.228.26/live/xjws.m3u8
   速度: 186.52KB/s | 数据量: 0.2KB | 总耗时: 0.16s
[2026-05-02 15:42:13] ✅ 测速成功: http://63.141.230.178:82/gslb/zbdq5.m3u8?id=szwshd
   速度: 187.50KB/s | 数据量: 0.2KB | 总耗时: 0.24s
[2026-05-02 15:42:13] ✅ 测速成功: https://live.264788.xyz/channel/sichuanweishi?streamid=5386c588d4bbd34f863c7366b934f9d0&livekey=01WgOR41rriMmMkzNsd0UoaxJRwetZdxIvtVk
   速度: 72.76KB/s | 数据量: 0.4KB | 总耗时: 0.98s
[2026-05-02 15:42:13] ✅ 测速成功: https://live.264788.xyz/channel/qinghaiweishi?streamid=8aa812f4a2c7b1bee5c3447691ead3cf&livekey=01WgOR41rriMmMkzNsd0UoaxJRwetZdxIvtVk
   速度: 47.45KB/s | 数据量: 0.4KB | 总耗时: 1.34s
[2026-05-02 15:42:13] ✅ 测速成功: https://turnerlive.warnermediacdn.com/hls/live/586495/cnngo/cnn_slate/VIDEO_4_1064000.m3u8
   速度: 10804.31KB/s | 数据量: 27.1KB | 总耗时: 0.21s
[2026-05-02 15:42:13] ✅ 测速成功: http://d2e1asnsl7br7b.cloudfront.net/7782e205e72f43aeb4a48ec97f66ebbe/index_5.m3u8
   速度: 546.88KB/s | 数据量: 0.5KB | 总耗时: 0.01s
[2026-05-02 15:42:14] ✅ 测速成功: https://live.264788.xyz/channel/shandongweishi?streamid=bac5a94d63bfe566f40a5adcc3f7ce50&livekey=01WgOR41rriMmMkzNsd0UoaxJRwetZdxIvtVk
   速度: 189.22KB/s | 数据量: 0.4KB | 总耗时: 0.94s
[2026-05-02 15:42:14] ✅ 测速成功: https://d2e1asnsl7br7b.cloudfront.net/7782e205e72f43aeb4a48ec97f66ebbe/index_4.m3u8
   速度: 546.88KB/s | 数据量: 0.5KB | 总耗时: 0.15s
[2026-05-02 15:42:14] ✅ 测速成功: http://d2e1asnsl7br7b.cloudfront.net/7782e205e72f43aeb4a48ec97f66ebbe/index_4.m3u8
   速度: 546.88KB/s | 数据量: 0.5KB | 总耗时: 0.28s
[2026-05-02 15:42:14] ✅ 测速成功: http://d2e1asnsl7br7b.cloudfront.net/7782e205e72f43aeb4a48ec97f66ebbe/index_5.m3u8?zshijd
   速度: 546.88KB/s | 数据量: 0.5KB | 总耗时: 0.17s
[2026-05-02 15:42:14] ✅ 测速成功: https://d2e1asnsl7br7b.cloudfront.net/7782e205e72f43aeb4a48ec97f66ebbe/index_5.m3u8
   速度: 546.88KB/s | 数据量: 0.5KB | 总耗时: 0.28s
[2026-05-02 15:42:14] ✅ 测速成功: https://live.264788.xyz/channel/shanxiweishi?streamid=eeb7d60ca6e0db131ea7a092a3cd28d2&livekey=01WgOR41rriMmMkzNsd0UoaxJRwetZdxIvtVk
   速度: 65.78KB/s | 数据量: 0.4KB | 总耗时: 1.03s
[2026-05-02 15:42:14] RTMP检测异常: rtmp://f13h.mine.nu/sat/tv771 | [Errno 2] No such file or directory: 'ffmpeg'
[2026-05-02 15:42:14] RTMP检测异常: rtmp://f13h.mine.nu/sat/tv701 | [Errno 2] No such file or directory: 'ffmpeg'
[2026-05-02 15:42:14] ✅ 测速成功: http://live-hls.macaulotustv.com/lotustv/macaulotustv.m3u8
   速度: 169.92KB/s | 数据量: 0.2KB | 总耗时: 0.34s
[2026-05-02 15:42:14] ✅ 测速成功: http://lb.streaming.sk/fashiontv/stream/chunklist_w1906011378.m3u8
   速度: 233.40KB/s | 数据量: 0.2KB | 总耗时: 0.35s
[2026-05-02 15:42:14] ✅ 测速成功: https://d2e1asnsl7br7b.cloudfront.net/7782e205e72f43aeb4a48ec97f66ebbe/index_5.m3u8
   速度: 546.88KB/s | 数据量: 0.5KB | 总耗时: 0.03s
[2026-05-02 15:42:14] ✅ 测速成功: https://live.264788.xyz/channel/shenzhenweishi?streamid=f12235d6d3e35c15aa302f9ab171b29a&livekey=01WgOR41rriMmMkzNsd0UoaxJRwetZdxIvtVk
   速度: 79.25KB/s | 数据量: 0.4KB | 总耗时: 1.45s
[2026-05-02 15:42:14] ✅ 测速成功: https://live.264788.xyz/channel/sanshaweishi?streamid=40ce8e7e766a97b9b5f39c4f54ea627c&livekey=01WgOR41rriMmMkzNsd0UoaxJRwetZdxIvtVk
   速度: 127.99KB/s | 数据量: 0.4KB | 总耗时: 1.50s
[2026-05-02 15:42:15] ✅ 测速成功: https://dikcfc9915kp8.cloudfront.net/hls/1080p/playlist.m3u8
   速度: 495.12KB/s | 数据量: 0.5KB | 总耗时: 0.52s
[2026-05-02 15:42:15] ✅ 测速成功: https://rt-glb.rttv.com/dvr/rtnews/playlist_4500Kb.m3u8
   速度: 31421.38KB/s | 数据量: 453.6KB | 总耗时: 0.63s
[2026-05-02 15:42:15] ✅ 测速成功: http://91.247.68.229:8000/play/Fashion/index.m3u8
   速度: 115.23KB/s | 数据量: 0.1KB | 总耗时: 0.28s
[2026-05-02 15:42:15] ✅ 测速成功: https://kbsworld-ott.akamaized.net/hls/live/2002341/kbsworld/master.m3u8
   速度: 304.69KB/s | 数据量: 0.3KB | 总耗时: 0.05s
[2026-05-02 15:42:15] ✅ 测速成功: https://live.264788.xyz/channel/zhejiangweishi?streamid=71f2f18b70580fb254c80c2189bf274d&livekey=01WgOR41rriMmMkzNsd0UoaxJRwetZdxIvtVk
   速度: 359.38KB/s | 数据量: 0.4KB | 总耗时: 1.49s
[2026-05-02 15:42:15] ✅ 测速成功: http://ali.hlspull.yximgs.com/live/zxcvbnm9852.flv
   速度: 248.05KB/s | 数据量: 0.2KB | 总耗时: 0.92s
[2026-05-02 15:42:15] ✅ 测速成功: http://ali.hlspull.yximgs.com/live/6425965d63a08c85ca806bfcc8c75cf4.flv
   速度: 248.05KB/s | 数据量: 0.2KB | 总耗时: 0.93s
[2026-05-02 15:42:15] ✅ 测速成功: https://lightning-tracesport-samsungau.amagi.tv/playlist1080p.m3u8
   速度: 525.39KB/s | 数据量: 0.5KB | 总耗时: 0.43s
[2026-05-02 15:42:15] ✅ 测速成功: http://nmxlive.akamaized.net/hls/live/529965/Live_1/index.m3u8
   速度: 802.73KB/s | 数据量: 0.8KB | 总耗时: 0.17s
[2026-05-02 15:42:15] ✅ 测速成功: https://hwapi.yntv.net/ew265l/z1z6s5.m3u8
   速度: 266.60KB/s | 数据量: 0.3KB | 总耗时: 1.67s
[2026-05-02 15:42:15] ✅ 测速成功: https://wildearth-plex.amagi.tv/masterR1080p.m3u8
   速度: 526.37KB/s | 数据量: 0.5KB | 总耗时: 0.20s
[2026-05-02 15:42:15] ✅ 测速成功: https://amdlive-ch01-ctnd-com.akamaized.net/arirang_1ch/smil:arirang_1ch.smil/chunklist_b3256000_sleng.m3u8
   速度: 271.48KB/s | 数据量: 0.3KB | 总耗时: 1.02s
[2026-05-02 15:42:15] ✅ 测速成功: https://rt-rtd.rttv.com/live/rtdoc/playlist_4500Kb.m3u8
   速度: 328.12KB/s | 数据量: 0.3KB | 总耗时: 0.57s
[2026-05-02 15:42:15] ✅ 测速成功: https://rt-glb.rttv.com/live/rtnews/playlist.m3u8
   速度: 643.55KB/s | 数据量: 0.6KB | 总耗时: 0.70s
[2026-05-02 15:42:16] ✅ 测速成功: https://gd202.tv1288.xyz/tsfile/live/1042_1.m3u8
   速度: 647.46KB/s | 数据量: 0.6KB | 总耗时: 2.88s
